--------------------
q1 > Test #24
Test #24
FAILURE
name:       check-equal?
location:   q1-bb.rkt:469:4
params:     '(587 3947)
'(587 2267 3947)
actual:     '(587 3947)
expected:   '(587 2267 3947)
expression: (check-equal? (core-bounce-special-log (initial-world 0) 5000 world-doodad-1star) (list 587 2267 3947))
message:    "both of the star's velocity components should change sign after 588 ticks"
Check failure
--------------------
--------------------
q1 > Test #41
Test #41
FAILURE
name:       check-equal?
location:   q1-bb.rkt:708:4
params:     '(#f #t #t #t #t #t #t #t #t #t)
'(#t #t #t #t #t #t #t #t #t #t)
actual:     '(#f #t #t #t #t #t #t #t #t #t)
expected:   '(#t #t #t #t #t #t #t #t #t #t)
expression: (check-equal? (let* ((w (world-after-ticks-and-key-events (initial-world 0) (list 100 "t" 100 "q" 100 "t" 100 "q" 100 "t" 100 "q" 100 "t" 100 "q" 100 "t" 100 "q"))) (stars (world-doodads-star w)) (squares (world-doodads-square w)) (stars (insertion-sort doodad< stars)) (squares (insertion-sort doodad< squares)) (colors1 (map doodad-color stars)) (colors2 (map doodad-color squares)) (c100 (list-ref colors1 0)) (c101 (list-ref colors1 1)) (c102 (list-ref colors1 2)) (c103 (list-ref colors1 3)) (c104 (list-ref colors1 4)) (c105 (list-ref colors1 5)) (c200 (list-ref colors2 0)) (c201 (list-ref colors2 1)) (c202 (list-ref colors2 2)) (c203 (list-ref colors2 3)) (c204 (list-ref colors2 4)) (c205 (list-ref colors2 5))) (list (colors-are-equal? c100 c101) (colors-are-equal? c101 c103) (colors-are-equal? c103 c104) (colors-not-equal? c101 c102) (colors-not-equal? c104 c105) (colors-not-equal? c200 c201) (colors-not-equal? c201 c202) (colors-not-equal? c202 c203) (colors-are-equal? c203 c204) (colors-not-equal? c204 c205))) (quote (#t #t #t #t #t #t #t #t #t #t)))
message:    "new doodads don't change color correctly"
Check failure
--------------------
42 success(es) 2 failure(s) 0 error(s) 44 test(s) run
extras.rkt Wed Sep 14 08:52:19 2016
q1.rkt appears to be in a correctly named folder. Running tests...
Running tests from q1.rkt...
All tests passed (59 tests).
2
